<?xml version="1.0" encoding="UTF-8"?>
<!-- Generated by org.testng.reporters.JUnitXMLReporter -->
<testsuite hostname="PUNEHLT058" name="smoke testcases" tests="1" failures="1" timestamp="15 Oct 2015 09:19:57 GMT" time="114.73" errors="0">
  <testcase name="CreateCandidate" time="114.709" classname="Testcases.CandidatesAction">
    <failure type="java.lang.NullPointerException">
      <![CDATA[java.lang.NullPointerException
	at org.openqa.selenium.interactions.Actions.<init>(Actions.java:44)
	at Testcases.CandidatesAction.CreateCandidate(CandidatesAction.java:30)
... Removed 24 stack frames]]>
    </failure>
  </testcase> <!-- CreateCandidate -->
</testsuite> <!-- smoke testcases -->
