<?xml version="1.0" encoding="UTF-8"?>
<!-- Generated by org.testng.reporters.JUnitXMLReporter -->
<testsuite hostname="PURDLTKHURANAK" name="smoke testcases" tests="6" failures="1" timestamp="16 Mar 2016 12:57:10 GMT" time="0.03" errors="0">
  <testcase name="Software" time="0.005" classname="testngFiles.Annotation2"/>
  <testcase name="Clicking" time="0.003" classname="testngFiles.Annotations"/>
  <testcase name="DropdownField" time="0.0" classname="testngFiles.Annotations"/>
  <testcase name="login" time="0.0" classname="testngFiles.Annotations">
    <failure type="java.io.FileNotFoundException" message="C:\Udemy\VE\src\VirtaulEdge\datadriven.properties (The system cannot find the path specified)">
      <![CDATA[java.io.FileNotFoundException: C:\Udemy\VE\src\VirtaulEdge\datadriven.properties (The system cannot find the path specified)
	at java.io.FileInputStream.open0(Native Method)
	at java.io.FileInputStream.open(Unknown Source)
	at java.io.FileInputStream.<init>(Unknown Source)
	at java.io.FileInputStream.<init>(Unknown Source)
	at testngFiles.Annotations.login(Annotations.java:53)
... Removed 24 stack frames]]>
    </failure>
  </testcase> <!-- login -->
  <testcase name="navigating" time="0.0" classname="testngFiles.Annotations"/>
  <testcase name="openingBrowser" time="0.0" classname="testngFiles.Annotations"/>
</testsuite> <!-- smoke testcases -->
