<?xml version="1.0" encoding="UTF-8"?>
<testng-results skipped="0" failed="0" total="1" passed="1">
  <reporter-output>
  </reporter-output>
  <suite name="Default suite" duration-ms="15049" started-at="2016-02-09T12:34:56Z" finished-at="2016-02-09T12:35:11Z">
    <groups>
    </groups>
    <test name="Default test" duration-ms="15049" started-at="2016-02-09T12:34:56Z" finished-at="2016-02-09T12:35:11Z">
      <class name="Testcases.Loginapplication">
        <test-method status="PASS" signature="Login()[pri:0, instance:Testcases.Loginapplication@4f71d691]" name="Login" duration-ms="15035" started-at="2016-02-09T18:04:56Z" finished-at="2016-02-09T18:05:11Z">
          <reporter-output>
          </reporter-output>
        </test-method> <!-- Login -->
      </class> <!-- Testcases.Loginapplication -->
    </test> <!-- Default test -->
  </suite> <!-- Default suite -->
</testng-results>
